The system is: Linux - 3.13.0-100-generic - x86_64
Compiling the C compiler identification source file "CMakeCCompilerId.c" succeeded.
Compiler: /usr/local/bin/x86_64-unknown-linux-gnu-gcc-4.9.2 
Build flags: 
Id flags: 

The output was:
0


Compilation of the C compiler identification source "CMakeCCompilerId.c" produced "a.out"

The C compiler identification is GNU, found in "/home/minphone/github/object-oriented-C/build/CMakeFiles/2.8.12.2/CompilerIdC/a.out"

Compiling the CXX compiler identification source file "CMakeCXXCompilerId.cpp" succeeded.
Compiler: /usr/local/bin/x86_64-unknown-linux-gnu-g++ 
Build flags: 
Id flags: 

The output was:
0


Compilation of the CXX compiler identification source "CMakeCXXCompilerId.cpp" produced "a.out"

The CXX compiler identification is GNU, found in "/home/minphone/github/object-oriented-C/build/CMakeFiles/2.8.12.2/CompilerIdCXX/a.out"

Determining if the C compiler works passed with the following output:
Change Dir: /home/minphone/github/object-oriented-C/build/CMakeFiles/CMakeTmp

Run Build Command:/usr/bin/make "cmTryCompileExec811167374/fast"
/usr/bin/make -f CMakeFiles/cmTryCompileExec811167374.dir/build.make CMakeFiles/cmTryCompileExec811167374.dir/build
make[1]: Entering directory `/home/minphone/github/object-oriented-C/build/CMakeFiles/CMakeTmp'
/usr/bin/cmake -E cmake_progress_report /home/minphone/github/object-oriented-C/build/CMakeFiles/CMakeTmp/CMakeFiles 1
Building C object CMakeFiles/cmTryCompileExec811167374.dir/testCCompiler.c.o
/usr/local/bin/x86_64-unknown-linux-gnu-gcc-4.9.2    -o CMakeFiles/cmTryCompileExec811167374.dir/testCCompiler.c.o   -c /home/minphone/github/object-oriented-C/build/CMakeFiles/CMakeTmp/testCCompiler.c
Linking C executable cmTryCompileExec811167374
/usr/bin/cmake -E cmake_link_script CMakeFiles/cmTryCompileExec811167374.dir/link.txt --verbose=1
/usr/local/bin/x86_64-unknown-linux-gnu-gcc-4.9.2       CMakeFiles/cmTryCompileExec811167374.dir/testCCompiler.c.o  -o cmTryCompileExec811167374 -rdynamic 
make[1]: Leaving directory `/home/minphone/github/object-oriented-C/build/CMakeFiles/CMakeTmp'


Detecting C compiler ABI info compiled with the following output:
Change Dir: /home/minphone/github/object-oriented-C/build/CMakeFiles/CMakeTmp

Run Build Command:/usr/bin/make "cmTryCompileExec1199434101/fast"
/usr/bin/make -f CMakeFiles/cmTryCompileExec1199434101.dir/build.make CMakeFiles/cmTryCompileExec1199434101.dir/build
make[1]: Entering directory `/home/minphone/github/object-oriented-C/build/CMakeFiles/CMakeTmp'
/usr/bin/cmake -E cmake_progress_report /home/minphone/github/object-oriented-C/build/CMakeFiles/CMakeTmp/CMakeFiles 1
Building C object CMakeFiles/cmTryCompileExec1199434101.dir/CMakeCCompilerABI.c.o
/usr/local/bin/x86_64-unknown-linux-gnu-gcc-4.9.2    -o CMakeFiles/cmTryCompileExec1199434101.dir/CMakeCCompilerABI.c.o   -c /usr/share/cmake-2.8/Modules/CMakeCCompilerABI.c
Linking C executable cmTryCompileExec1199434101
/usr/bin/cmake -E cmake_link_script CMakeFiles/cmTryCompileExec1199434101.dir/link.txt --verbose=1
/usr/local/bin/x86_64-unknown-linux-gnu-gcc-4.9.2     -v CMakeFiles/cmTryCompileExec1199434101.dir/CMakeCCompilerABI.c.o  -o cmTryCompileExec1199434101 -rdynamic  
Using built-in specs.
COLLECT_GCC=/usr/local/bin/x86_64-unknown-linux-gnu-gcc-4.9.2
COLLECT_LTO_WRAPPER=/usr/local/libexec/gcc/x86_64-unknown-linux-gnu/4.9.2/lto-wrapper
Target: x86_64-unknown-linux-gnu
Configured with: ./configure --enable-languages=c,c++ --disable-multilib --disable-bootstrap --with-system-zlib
Thread model: posix
gcc version 4.9.2 (GCC) 
COMPILER_PATH=/usr/local/libexec/gcc/x86_64-unknown-linux-gnu/4.9.2/:/usr/local/libexec/gcc/x86_64-unknown-linux-gnu/4.9.2/:/usr/local/libexec/gcc/x86_64-unknown-linux-gnu/:/usr/local/lib/gcc/x86_64-unknown-linux-gnu/4.9.2/:/usr/local/lib/gcc/x86_64-unknown-linux-gnu/
LIBRARY_PATH=/usr/local/lib/gcc/x86_64-unknown-linux-gnu/4.9.2/:/usr/local/lib/gcc/x86_64-unknown-linux-gnu/4.9.2/../../../../lib64/:/lib/x86_64-linux-gnu/:/lib/../lib64/:/usr/lib/x86_64-linux-gnu/:/usr/local/lib/gcc/x86_64-unknown-linux-gnu/4.9.2/../../../:/lib/:/usr/lib/
COLLECT_GCC_OPTIONS='-v' '-o' 'cmTryCompileExec1199434101' '-rdynamic' '-mtune=generic' '-march=x86-64'
 /usr/local/libexec/gcc/x86_64-unknown-linux-gnu/4.9.2/collect2 --eh-frame-hdr -m elf_x86_64 -export-dynamic -dynamic-linker /lib64/ld-linux-x86-64.so.2 -o cmTryCompileExec1199434101 /usr/lib/x86_64-linux-gnu/crt1.o /usr/lib/x86_64-linux-gnu/crti.o /usr/local/lib/gcc/x86_64-unknown-linux-gnu/4.9.2/crtbegin.o -L/usr/local/lib/gcc/x86_64-unknown-linux-gnu/4.9.2 -L/usr/local/lib/gcc/x86_64-unknown-linux-gnu/4.9.2/../../../../lib64 -L/lib/x86_64-linux-gnu -L/lib/../lib64 -L/usr/lib/x86_64-linux-gnu -L/usr/local/lib/gcc/x86_64-unknown-linux-gnu/4.9.2/../../.. CMakeFiles/cmTryCompileExec1199434101.dir/CMakeCCompilerABI.c.o -lgcc --as-needed -lgcc_s --no-as-needed -lc -lgcc --as-needed -lgcc_s --no-as-needed /usr/local/lib/gcc/x86_64-unknown-linux-gnu/4.9.2/crtend.o /usr/lib/x86_64-linux-gnu/crtn.o
make[1]: Leaving directory `/home/minphone/github/object-oriented-C/build/CMakeFiles/CMakeTmp'


Parsed C implicit link information from above output:
  link line regex: [^( *|.*[/\])(ld|([^/\]+-)?ld|collect2)[^/\]*( |$)]
  ignore line: [Change Dir: /home/minphone/github/object-oriented-C/build/CMakeFiles/CMakeTmp]
  ignore line: []
  ignore line: [Run Build Command:/usr/bin/make "cmTryCompileExec1199434101/fast"]
  ignore line: [/usr/bin/make -f CMakeFiles/cmTryCompileExec1199434101.dir/build.make CMakeFiles/cmTryCompileExec1199434101.dir/build]
  ignore line: [make[1]: Entering directory `/home/minphone/github/object-oriented-C/build/CMakeFiles/CMakeTmp']
  ignore line: [/usr/bin/cmake -E cmake_progress_report /home/minphone/github/object-oriented-C/build/CMakeFiles/CMakeTmp/CMakeFiles 1]
  ignore line: [Building C object CMakeFiles/cmTryCompileExec1199434101.dir/CMakeCCompilerABI.c.o]
  ignore line: [/usr/local/bin/x86_64-unknown-linux-gnu-gcc-4.9.2    -o CMakeFiles/cmTryCompileExec1199434101.dir/CMakeCCompilerABI.c.o   -c /usr/share/cmake-2.8/Modules/CMakeCCompilerABI.c]
  ignore line: [Linking C executable cmTryCompileExec1199434101]
  ignore line: [/usr/bin/cmake -E cmake_link_script CMakeFiles/cmTryCompileExec1199434101.dir/link.txt --verbose=1]
  ignore line: [/usr/local/bin/x86_64-unknown-linux-gnu-gcc-4.9.2     -v CMakeFiles/cmTryCompileExec1199434101.dir/CMakeCCompilerABI.c.o  -o cmTryCompileExec1199434101 -rdynamic  ]
  ignore line: [Using built-in specs.]
  ignore line: [COLLECT_GCC=/usr/local/bin/x86_64-unknown-linux-gnu-gcc-4.9.2]
  ignore line: [COLLECT_LTO_WRAPPER=/usr/local/libexec/gcc/x86_64-unknown-linux-gnu/4.9.2/lto-wrapper]
  ignore line: [Target: x86_64-unknown-linux-gnu]
  ignore line: [Configured with: ./configure --enable-languages=c,c++ --disable-multilib --disable-bootstrap --with-system-zlib]
  ignore line: [Thread model: posix]
  ignore line: [gcc version 4.9.2 (GCC) ]
  ignore line: [COMPILER_PATH=/usr/local/libexec/gcc/x86_64-unknown-linux-gnu/4.9.2/:/usr/local/libexec/gcc/x86_64-unknown-linux-gnu/4.9.2/:/usr/local/libexec/gcc/x86_64-unknown-linux-gnu/:/usr/local/lib/gcc/x86_64-unknown-linux-gnu/4.9.2/:/usr/local/lib/gcc/x86_64-unknown-linux-gnu/]
  ignore line: [LIBRARY_PATH=/usr/local/lib/gcc/x86_64-unknown-linux-gnu/4.9.2/:/usr/local/lib/gcc/x86_64-unknown-linux-gnu/4.9.2/../../../../lib64/:/lib/x86_64-linux-gnu/:/lib/../lib64/:/usr/lib/x86_64-linux-gnu/:/usr/local/lib/gcc/x86_64-unknown-linux-gnu/4.9.2/../../../:/lib/:/usr/lib/]
  ignore line: [COLLECT_GCC_OPTIONS='-v' '-o' 'cmTryCompileExec1199434101' '-rdynamic' '-mtune=generic' '-march=x86-64']
  link line: [ /usr/local/libexec/gcc/x86_64-unknown-linux-gnu/4.9.2/collect2 --eh-frame-hdr -m elf_x86_64 -export-dynamic -dynamic-linker /lib64/ld-linux-x86-64.so.2 -o cmTryCompileExec1199434101 /usr/lib/x86_64-linux-gnu/crt1.o /usr/lib/x86_64-linux-gnu/crti.o /usr/local/lib/gcc/x86_64-unknown-linux-gnu/4.9.2/crtbegin.o -L/usr/local/lib/gcc/x86_64-unknown-linux-gnu/4.9.2 -L/usr/local/lib/gcc/x86_64-unknown-linux-gnu/4.9.2/../../../../lib64 -L/lib/x86_64-linux-gnu -L/lib/../lib64 -L/usr/lib/x86_64-linux-gnu -L/usr/local/lib/gcc/x86_64-unknown-linux-gnu/4.9.2/../../.. CMakeFiles/cmTryCompileExec1199434101.dir/CMakeCCompilerABI.c.o -lgcc --as-needed -lgcc_s --no-as-needed -lc -lgcc --as-needed -lgcc_s --no-as-needed /usr/local/lib/gcc/x86_64-unknown-linux-gnu/4.9.2/crtend.o /usr/lib/x86_64-linux-gnu/crtn.o]
    arg [/usr/local/libexec/gcc/x86_64-unknown-linux-gnu/4.9.2/collect2] ==> ignore
    arg [--eh-frame-hdr] ==> ignore
    arg [-m] ==> ignore
    arg [elf_x86_64] ==> ignore
    arg [-export-dynamic] ==> ignore
    arg [-dynamic-linker] ==> ignore
    arg [/lib64/ld-linux-x86-64.so.2] ==> ignore
    arg [-o] ==> ignore
    arg [cmTryCompileExec1199434101] ==> ignore
    arg [/usr/lib/x86_64-linux-gnu/crt1.o] ==> ignore
    arg [/usr/lib/x86_64-linux-gnu/crti.o] ==> ignore
    arg [/usr/local/lib/gcc/x86_64-unknown-linux-gnu/4.9.2/crtbegin.o] ==> ignore
    arg [-L/usr/local/lib/gcc/x86_64-unknown-linux-gnu/4.9.2] ==> dir [/usr/local/lib/gcc/x86_64-unknown-linux-gnu/4.9.2]
    arg [-L/usr/local/lib/gcc/x86_64-unknown-linux-gnu/4.9.2/../../../../lib64] ==> dir [/usr/local/lib/gcc/x86_64-unknown-linux-gnu/4.9.2/../../../../lib64]
    arg [-L/lib/x86_64-linux-gnu] ==> dir [/lib/x86_64-linux-gnu]
    arg [-L/lib/../lib64] ==> dir [/lib/../lib64]
    arg [-L/usr/lib/x86_64-linux-gnu] ==> dir [/usr/lib/x86_64-linux-gnu]
    arg [-L/usr/local/lib/gcc/x86_64-unknown-linux-gnu/4.9.2/../../..] ==> dir [/usr/local/lib/gcc/x86_64-unknown-linux-gnu/4.9.2/../../..]
    arg [CMakeFiles/cmTryCompileExec1199434101.dir/CMakeCCompilerABI.c.o] ==> ignore
    arg [-lgcc] ==> lib [gcc]
    arg [--as-needed] ==> ignore
    arg [-lgcc_s] ==> lib [gcc_s]
    arg [--no-as-needed] ==> ignore
    arg [-lc] ==> lib [c]
    arg [-lgcc] ==> lib [gcc]
    arg [--as-needed] ==> ignore
    arg [-lgcc_s] ==> lib [gcc_s]
    arg [--no-as-needed] ==> ignore
    arg [/usr/local/lib/gcc/x86_64-unknown-linux-gnu/4.9.2/crtend.o] ==> ignore
    arg [/usr/lib/x86_64-linux-gnu/crtn.o] ==> ignore
  remove lib [gcc]
  remove lib [gcc_s]
  remove lib [gcc]
  remove lib [gcc_s]
  collapse library dir [/usr/local/lib/gcc/x86_64-unknown-linux-gnu/4.9.2] ==> [/usr/local/lib/gcc/x86_64-unknown-linux-gnu/4.9.2]
  collapse library dir [/usr/local/lib/gcc/x86_64-unknown-linux-gnu/4.9.2/../../../../lib64] ==> [/usr/local/lib64]
  collapse library dir [/lib/x86_64-linux-gnu] ==> [/lib/x86_64-linux-gnu]
  collapse library dir [/lib/../lib64] ==> [/lib64]
  collapse library dir [/usr/lib/x86_64-linux-gnu] ==> [/usr/lib/x86_64-linux-gnu]
  collapse library dir [/usr/local/lib/gcc/x86_64-unknown-linux-gnu/4.9.2/../../..] ==> [/usr/local/lib]
  implicit libs: [c]
  implicit dirs: [/usr/local/lib/gcc/x86_64-unknown-linux-gnu/4.9.2;/usr/local/lib64;/lib/x86_64-linux-gnu;/lib64;/usr/lib/x86_64-linux-gnu;/usr/local/lib]
  implicit fwks: []


Determining if the CXX compiler works passed with the following output:
Change Dir: /home/minphone/github/object-oriented-C/build/CMakeFiles/CMakeTmp

Run Build Command:/usr/bin/make "cmTryCompileExec891057506/fast"
/usr/bin/make -f CMakeFiles/cmTryCompileExec891057506.dir/build.make CMakeFiles/cmTryCompileExec891057506.dir/build
make[1]: Entering directory `/home/minphone/github/object-oriented-C/build/CMakeFiles/CMakeTmp'
/usr/bin/cmake -E cmake_progress_report /home/minphone/github/object-oriented-C/build/CMakeFiles/CMakeTmp/CMakeFiles 1
Building CXX object CMakeFiles/cmTryCompileExec891057506.dir/testCXXCompiler.cxx.o
/usr/local/bin/x86_64-unknown-linux-gnu-g++     -o CMakeFiles/cmTryCompileExec891057506.dir/testCXXCompiler.cxx.o -c /home/minphone/github/object-oriented-C/build/CMakeFiles/CMakeTmp/testCXXCompiler.cxx
Linking CXX executable cmTryCompileExec891057506
/usr/bin/cmake -E cmake_link_script CMakeFiles/cmTryCompileExec891057506.dir/link.txt --verbose=1
/usr/local/bin/x86_64-unknown-linux-gnu-g++        CMakeFiles/cmTryCompileExec891057506.dir/testCXXCompiler.cxx.o  -o cmTryCompileExec891057506 -rdynamic 
make[1]: Leaving directory `/home/minphone/github/object-oriented-C/build/CMakeFiles/CMakeTmp'


Detecting CXX compiler ABI info compiled with the following output:
Change Dir: /home/minphone/github/object-oriented-C/build/CMakeFiles/CMakeTmp

Run Build Command:/usr/bin/make "cmTryCompileExec486690669/fast"
/usr/bin/make -f CMakeFiles/cmTryCompileExec486690669.dir/build.make CMakeFiles/cmTryCompileExec486690669.dir/build
make[1]: Entering directory `/home/minphone/github/object-oriented-C/build/CMakeFiles/CMakeTmp'
/usr/bin/cmake -E cmake_progress_report /home/minphone/github/object-oriented-C/build/CMakeFiles/CMakeTmp/CMakeFiles 1
Building CXX object CMakeFiles/cmTryCompileExec486690669.dir/CMakeCXXCompilerABI.cpp.o
/usr/local/bin/x86_64-unknown-linux-gnu-g++     -o CMakeFiles/cmTryCompileExec486690669.dir/CMakeCXXCompilerABI.cpp.o -c /usr/share/cmake-2.8/Modules/CMakeCXXCompilerABI.cpp
Linking CXX executable cmTryCompileExec486690669
/usr/bin/cmake -E cmake_link_script CMakeFiles/cmTryCompileExec486690669.dir/link.txt --verbose=1
/usr/local/bin/x86_64-unknown-linux-gnu-g++      -v CMakeFiles/cmTryCompileExec486690669.dir/CMakeCXXCompilerABI.cpp.o  -o cmTryCompileExec486690669 -rdynamic  
Using built-in specs.
COLLECT_GCC=/usr/local/bin/x86_64-unknown-linux-gnu-g++
COLLECT_LTO_WRAPPER=/usr/local/libexec/gcc/x86_64-unknown-linux-gnu/4.9.2/lto-wrapper
Target: x86_64-unknown-linux-gnu
Configured with: ./configure --enable-languages=c,c++ --disable-multilib --disable-bootstrap --with-system-zlib
Thread model: posix
gcc version 4.9.2 (GCC) 
COMPILER_PATH=/usr/local/libexec/gcc/x86_64-unknown-linux-gnu/4.9.2/:/usr/local/libexec/gcc/x86_64-unknown-linux-gnu/4.9.2/:/usr/local/libexec/gcc/x86_64-unknown-linux-gnu/:/usr/local/lib/gcc/x86_64-unknown-linux-gnu/4.9.2/:/usr/local/lib/gcc/x86_64-unknown-linux-gnu/
LIBRARY_PATH=/usr/local/lib/gcc/x86_64-unknown-linux-gnu/4.9.2/:/usr/local/lib/gcc/x86_64-unknown-linux-gnu/4.9.2/../../../../lib64/:/lib/x86_64-linux-gnu/:/lib/../lib64/:/usr/lib/x86_64-linux-gnu/:/usr/local/lib/gcc/x86_64-unknown-linux-gnu/4.9.2/../../../:/lib/:/usr/lib/
COLLECT_GCC_OPTIONS='-v' '-o' 'cmTryCompileExec486690669' '-rdynamic' '-shared-libgcc' '-mtune=generic' '-march=x86-64'
 /usr/local/libexec/gcc/x86_64-unknown-linux-gnu/4.9.2/collect2 --eh-frame-hdr -m elf_x86_64 -export-dynamic -dynamic-linker /lib64/ld-linux-x86-64.so.2 -o cmTryCompileExec486690669 /usr/lib/x86_64-linux-gnu/crt1.o /usr/lib/x86_64-linux-gnu/crti.o /usr/local/lib/gcc/x86_64-unknown-linux-gnu/4.9.2/crtbegin.o -L/usr/local/lib/gcc/x86_64-unknown-linux-gnu/4.9.2 -L/usr/local/lib/gcc/x86_64-unknown-linux-gnu/4.9.2/../../../../lib64 -L/lib/x86_64-linux-gnu -L/lib/../lib64 -L/usr/lib/x86_64-linux-gnu -L/usr/local/lib/gcc/x86_64-unknown-linux-gnu/4.9.2/../../.. CMakeFiles/cmTryCompileExec486690669.dir/CMakeCXXCompilerABI.cpp.o -lstdc++ -lm -lgcc_s -lgcc -lc -lgcc_s -lgcc /usr/local/lib/gcc/x86_64-unknown-linux-gnu/4.9.2/crtend.o /usr/lib/x86_64-linux-gnu/crtn.o
make[1]: Leaving directory `/home/minphone/github/object-oriented-C/build/CMakeFiles/CMakeTmp'


Parsed CXX implicit link information from above output:
  link line regex: [^( *|.*[/\])(ld|([^/\]+-)?ld|collect2)[^/\]*( |$)]
  ignore line: [Change Dir: /home/minphone/github/object-oriented-C/build/CMakeFiles/CMakeTmp]
  ignore line: []
  ignore line: [Run Build Command:/usr/bin/make "cmTryCompileExec486690669/fast"]
  ignore line: [/usr/bin/make -f CMakeFiles/cmTryCompileExec486690669.dir/build.make CMakeFiles/cmTryCompileExec486690669.dir/build]
  ignore line: [make[1]: Entering directory `/home/minphone/github/object-oriented-C/build/CMakeFiles/CMakeTmp']
  ignore line: [/usr/bin/cmake -E cmake_progress_report /home/minphone/github/object-oriented-C/build/CMakeFiles/CMakeTmp/CMakeFiles 1]
  ignore line: [Building CXX object CMakeFiles/cmTryCompileExec486690669.dir/CMakeCXXCompilerABI.cpp.o]
  ignore line: [/usr/local/bin/x86_64-unknown-linux-gnu-g++     -o CMakeFiles/cmTryCompileExec486690669.dir/CMakeCXXCompilerABI.cpp.o -c /usr/share/cmake-2.8/Modules/CMakeCXXCompilerABI.cpp]
  ignore line: [Linking CXX executable cmTryCompileExec486690669]
  ignore line: [/usr/bin/cmake -E cmake_link_script CMakeFiles/cmTryCompileExec486690669.dir/link.txt --verbose=1]
  ignore line: [/usr/local/bin/x86_64-unknown-linux-gnu-g++      -v CMakeFiles/cmTryCompileExec486690669.dir/CMakeCXXCompilerABI.cpp.o  -o cmTryCompileExec486690669 -rdynamic  ]
  ignore line: [Using built-in specs.]
  ignore line: [COLLECT_GCC=/usr/local/bin/x86_64-unknown-linux-gnu-g++]
  ignore line: [COLLECT_LTO_WRAPPER=/usr/local/libexec/gcc/x86_64-unknown-linux-gnu/4.9.2/lto-wrapper]
  ignore line: [Target: x86_64-unknown-linux-gnu]
  ignore line: [Configured with: ./configure --enable-languages=c,c++ --disable-multilib --disable-bootstrap --with-system-zlib]
  ignore line: [Thread model: posix]
  ignore line: [gcc version 4.9.2 (GCC) ]
  ignore line: [COMPILER_PATH=/usr/local/libexec/gcc/x86_64-unknown-linux-gnu/4.9.2/:/usr/local/libexec/gcc/x86_64-unknown-linux-gnu/4.9.2/:/usr/local/libexec/gcc/x86_64-unknown-linux-gnu/:/usr/local/lib/gcc/x86_64-unknown-linux-gnu/4.9.2/:/usr/local/lib/gcc/x86_64-unknown-linux-gnu/]
  ignore line: [LIBRARY_PATH=/usr/local/lib/gcc/x86_64-unknown-linux-gnu/4.9.2/:/usr/local/lib/gcc/x86_64-unknown-linux-gnu/4.9.2/../../../../lib64/:/lib/x86_64-linux-gnu/:/lib/../lib64/:/usr/lib/x86_64-linux-gnu/:/usr/local/lib/gcc/x86_64-unknown-linux-gnu/4.9.2/../../../:/lib/:/usr/lib/]
  ignore line: [COLLECT_GCC_OPTIONS='-v' '-o' 'cmTryCompileExec486690669' '-rdynamic' '-shared-libgcc' '-mtune=generic' '-march=x86-64']
  link line: [ /usr/local/libexec/gcc/x86_64-unknown-linux-gnu/4.9.2/collect2 --eh-frame-hdr -m elf_x86_64 -export-dynamic -dynamic-linker /lib64/ld-linux-x86-64.so.2 -o cmTryCompileExec486690669 /usr/lib/x86_64-linux-gnu/crt1.o /usr/lib/x86_64-linux-gnu/crti.o /usr/local/lib/gcc/x86_64-unknown-linux-gnu/4.9.2/crtbegin.o -L/usr/local/lib/gcc/x86_64-unknown-linux-gnu/4.9.2 -L/usr/local/lib/gcc/x86_64-unknown-linux-gnu/4.9.2/../../../../lib64 -L/lib/x86_64-linux-gnu -L/lib/../lib64 -L/usr/lib/x86_64-linux-gnu -L/usr/local/lib/gcc/x86_64-unknown-linux-gnu/4.9.2/../../.. CMakeFiles/cmTryCompileExec486690669.dir/CMakeCXXCompilerABI.cpp.o -lstdc++ -lm -lgcc_s -lgcc -lc -lgcc_s -lgcc /usr/local/lib/gcc/x86_64-unknown-linux-gnu/4.9.2/crtend.o /usr/lib/x86_64-linux-gnu/crtn.o]
    arg [/usr/local/libexec/gcc/x86_64-unknown-linux-gnu/4.9.2/collect2] ==> ignore
    arg [--eh-frame-hdr] ==> ignore
    arg [-m] ==> ignore
    arg [elf_x86_64] ==> ignore
    arg [-export-dynamic] ==> ignore
    arg [-dynamic-linker] ==> ignore
    arg [/lib64/ld-linux-x86-64.so.2] ==> ignore
    arg [-o] ==> ignore
    arg [cmTryCompileExec486690669] ==> ignore
    arg [/usr/lib/x86_64-linux-gnu/crt1.o] ==> ignore
    arg [/usr/lib/x86_64-linux-gnu/crti.o] ==> ignore
    arg [/usr/local/lib/gcc/x86_64-unknown-linux-gnu/4.9.2/crtbegin.o] ==> ignore
    arg [-L/usr/local/lib/gcc/x86_64-unknown-linux-gnu/4.9.2] ==> dir [/usr/local/lib/gcc/x86_64-unknown-linux-gnu/4.9.2]
    arg [-L/usr/local/lib/gcc/x86_64-unknown-linux-gnu/4.9.2/../../../../lib64] ==> dir [/usr/local/lib/gcc/x86_64-unknown-linux-gnu/4.9.2/../../../../lib64]
    arg [-L/lib/x86_64-linux-gnu] ==> dir [/lib/x86_64-linux-gnu]
    arg [-L/lib/../lib64] ==> dir [/lib/../lib64]
    arg [-L/usr/lib/x86_64-linux-gnu] ==> dir [/usr/lib/x86_64-linux-gnu]
    arg [-L/usr/local/lib/gcc/x86_64-unknown-linux-gnu/4.9.2/../../..] ==> dir [/usr/local/lib/gcc/x86_64-unknown-linux-gnu/4.9.2/../../..]
    arg [CMakeFiles/cmTryCompileExec486690669.dir/CMakeCXXCompilerABI.cpp.o] ==> ignore
    arg [-lstdc++] ==> lib [stdc++]
    arg [-lm] ==> lib [m]
    arg [-lgcc_s] ==> lib [gcc_s]
    arg [-lgcc] ==> lib [gcc]
    arg [-lc] ==> lib [c]
    arg [-lgcc_s] ==> lib [gcc_s]
    arg [-lgcc] ==> lib [gcc]
    arg [/usr/local/lib/gcc/x86_64-unknown-linux-gnu/4.9.2/crtend.o] ==> ignore
    arg [/usr/lib/x86_64-linux-gnu/crtn.o] ==> ignore
  remove lib [gcc_s]
  remove lib [gcc]
  remove lib [gcc_s]
  remove lib [gcc]
  collapse library dir [/usr/local/lib/gcc/x86_64-unknown-linux-gnu/4.9.2] ==> [/usr/local/lib/gcc/x86_64-unknown-linux-gnu/4.9.2]
  collapse library dir [/usr/local/lib/gcc/x86_64-unknown-linux-gnu/4.9.2/../../../../lib64] ==> [/usr/local/lib64]
  collapse library dir [/lib/x86_64-linux-gnu] ==> [/lib/x86_64-linux-gnu]
  collapse library dir [/lib/../lib64] ==> [/lib64]
  collapse library dir [/usr/lib/x86_64-linux-gnu] ==> [/usr/lib/x86_64-linux-gnu]
  collapse library dir [/usr/local/lib/gcc/x86_64-unknown-linux-gnu/4.9.2/../../..] ==> [/usr/local/lib]
  implicit libs: [stdc++;m;c]
  implicit dirs: [/usr/local/lib/gcc/x86_64-unknown-linux-gnu/4.9.2;/usr/local/lib64;/lib/x86_64-linux-gnu;/lib64;/usr/lib/x86_64-linux-gnu;/usr/local/lib]
  implicit fwks: []


